更新日志
2021.3.24
1.修复创建角色时存在的可能导致游戏卡死的bug
2.更改排课算法
3.优化ai效率
4.优化课程表ui
5.修复大食堂地图
6.修正npc闲聊权重
7.调整收藏移动ui
8.解决npc不吃饭饿死的bug
9.完善吃饭相关ai和口上
10.优化场景ui
11.修正windows下鼠标指针问题
12.改用打包日期做版本号
13.自动化windows打包
14.新增自定义字体支持
15.取消启动时python版本验证限制
16.新增错误日志记录
17.自适应dpi
18.实装上学系统和相关ai
----------
2021.3.17
1.修正性爱相关结算
2.修正场景ui
3.新增好感按时间流逝而流逝
4.更改交互好感为双向增加
5.更改社交关系好感要求
6.修正部分口上人称
7.修正排课算法
8.新增课程表相关ui
9.修复食物商店面板ui
----------
2021.3.10
1.修正性行为结算
2.新增收藏模式
3.修正npc身体成长变化模型
4.修正死亡交互
5.修正食品商店吃饭
5.新增性别提示
6.修复收藏角色快捷移动
----------
2021.3.3
1.修复了npc数量自由调整
2.修改了移动和睡眠时的输出模式
3.调整了npc饥饿、疲惫等数据的权重
4.调整了休息、睡眠等行为恢复的体力
5.调整了食物的属性
6.调整了存档结构
7.增加了缓存区域内容上限
8.修改了结算机制，解决部分闪退问题
9.移除了开发环境预热的数据
----------
2021.2.24
游戏发布
